Sat, 28 Nov 2020 17:26:50 GMT - Info - Server is running on port: 3030
Sat, 28 Nov 2020 17:26:54 GMT - Info - Server is running on port: 3030
Sat, 28 Nov 2020 17:37:49 GMT - Info - Server is running on port: 3030
Sat, 28 Nov 2020 17:37:52 GMT - Info - Server is running on port: 3030
Sat, 28 Nov 2020 17:41:47 GMT - Info - Server is running on port: 3030
Sat, 28 Nov 2020 17:41:53 GMT - Info - Server is running on port: 3030
Sat, 28 Nov 2020 17:46:27 GMT - Info - Server is running on port: 3030
Sat, 28 Nov 2020 18:02:12 GMT - Info - Server is running on port: 3030
Sat, 28 Nov 2020 18:08:30 GMT - Info - Server is running on port: 3030
Sat, 28 Nov 2020 18:08:46 GMT - Info - Server is running on port: 3030
Sat, 28 Nov 2020 18:24:03 GMT - Info - Server is running on port: 3030
Sat, 28 Nov 2020 18:25:15 GMT - Info - Server is running on port: 3030
Sat, 28 Nov 2020 18:40:28 GMT - Info - Server is running on port: 3030
Sat, 28 Nov 2020 19:28:24 GMT - Info - Server is running on port: 3030
Sat, 28 Nov 2020 19:33:18 GMT - Info - Server is running on port: 3030
Sun, 29 Nov 2020 08:30:04 GMT - Info - Server is running on port: 3030
Sun, 29 Nov 2020 08:33:30 GMT - Info - Server is running on port: 3030
Sun, 29 Nov 2020 08:36:39 GMT - Info - Server is running on port: 3030
Sun, 29 Nov 2020 08:42:07 GMT - Info - Server is running on port: 3030
Sun, 29 Nov 2020 08:46:10 GMT - Info - Server is running on port: 3030
Sun, 29 Nov 2020 08:46:15 GMT - Info - Server is running on port: 3030
Sun, 29 Nov 2020 08:49:26 GMT - Info - Server is running on port: 3030
Sun, 29 Nov 2020 09:03:39 GMT - Info - Server is running on port: 3030
Sun, 29 Nov 2020 09:04:03 GMT - Info - Server is running on port: 3030
Sun, 29 Nov 2020 09:04:48 GMT - Info - Server is running on port: 3030
Sun, 29 Nov 2020 09:06:13 GMT - Info - Server is running on port: 3030
Sun, 29 Nov 2020 09:06:20 GMT - Info - Server is running on port: 3030
Sun, 29 Nov 2020 09:28:43 GMT - Info - Server is running on port: 3030
Sun, 29 Nov 2020 09:29:22 GMT - Info - Server is running on port: 3030
Sun, 29 Nov 2020 09:31:21 GMT - Info - Server is running on port: 3030
Sun, 29 Nov 2020 09:32:02 GMT - Info - Server is running on port: 3030
Sun, 29 Nov 2020 09:37:29 GMT - Info - Server is running on port: 3030
Sun, 29 Nov 2020 09:39:10 GMT - Info - Server is running on port: 3030
Sun, 29 Nov 2020 09:40:53 GMT - Info - Server is running on port: 3030
Sun, 29 Nov 2020 09:40:55 GMT - Info - Server is running on port: 3030
Sun, 29 Nov 2020 09:41:14 GMT - Info - Server is running on port: 3030
Sun, 29 Nov 2020 09:43:33 GMT - Info - Server is running on port: 3030
Sun, 29 Nov 2020 09:58:06 GMT - Info - Server is running on port: 3030
Sun, 29 Nov 2020 09:58:51 GMT - Info - Server is running on port: 3030
Sun, 29 Nov 2020 10:04:18 GMT - Info - Server is running on port: 3030
Sun, 29 Nov 2020 10:05:03 GMT - Info - Server is running on port: 3030
Sun, 29 Nov 2020 10:06:06 GMT - Info - Server is running on port: 3030
Sun, 29 Nov 2020 10:06:40 GMT - Info - Server is running on port: 3030
Sun, 29 Nov 2020 11:25:42 GMT - Info - Server is running on port: 3030
Sun, 29 Nov 2020 11:27:09 GMT - Info - Server is running on port: 3030
Sun, 29 Nov 2020 11:28:01 GMT - Info - Server is running on port: 3030
Sun, 29 Nov 2020 11:29:52 GMT - Info - Server is running on port: 3030
Sun, 29 Nov 2020 11:39:29 GMT - Info - Server is running on port: 3030
Sun, 29 Nov 2020 11:39:57 GMT - Info - Server is running on port: 3030
Sun, 29 Nov 2020 11:45:07 GMT - Info - Server is running on port: 3030
Sun, 29 Nov 2020 11:45:39 GMT - Info - Server is running on port: 3030
Sun, 29 Nov 2020 11:46:26 GMT - Info - Server is running on port: 3030
Sun, 29 Nov 2020 11:48:21 GMT - Info - Server is running on port: 3030
Sun, 29 Nov 2020 11:50:28 GMT - Info - Server is running on port: 3030
Sun, 29 Nov 2020 11:54:34 GMT - Info - Server is running on port: 3030
Sun, 29 Nov 2020 11:54:38 GMT - Info - Server is running on port: 3030
Sun, 29 Nov 2020 11:55:27 GMT - Info - Server is running on port: 3030
Sun, 29 Nov 2020 11:57:49 GMT - Info - Server is running on port: 3030
Sun, 29 Nov 2020 11:59:10 GMT - Info - Server is running on port: 3030
Sun, 29 Nov 2020 11:59:44 GMT - Info - Server is running on port: 3030
Sun, 29 Nov 2020 12:00:28 GMT - Info - Server is running on port: 3030
Sun, 29 Nov 2020 12:05:51 GMT - Info - Server is running on port: 3030
Sun, 29 Nov 2020 12:06:21 GMT - Info - Server is running on port: 3030
Sun, 29 Nov 2020 12:08:33 GMT - Info - Server is running on port: 3030
Sun, 29 Nov 2020 12:08:58 GMT - Info - Server is running on port: 3030
Sun, 29 Nov 2020 12:11:55 GMT - Info - Server is running on port: 3030
Sun, 29 Nov 2020 12:22:04 GMT - Info - Server is running on port: 3030
Sun, 29 Nov 2020 12:22:28 GMT - Info - Server is running on port: 3030
Sun, 29 Nov 2020 12:27:56 GMT - Info - Server is running on port: 3030
Sun, 29 Nov 2020 12:27:59 GMT - Info - Server is running on port: 3030
Sun, 29 Nov 2020 12:28:14 GMT - Info - Server is running on port: 3030
Sun, 29 Nov 2020 12:34:37 GMT - Info - Server is running on port: 3030
Sun, 29 Nov 2020 12:34:56 GMT - Info - Server is running on port: 3030
Sun, 29 Nov 2020 12:35:13 GMT - Info - Server is running on port: 3030
Sun, 29 Nov 2020 12:35:40 GMT - Info - Server is running on port: 3030
Sun, 29 Nov 2020 12:35:59 GMT - Info - Server is running on port: 3030
Sun, 29 Nov 2020 12:45:09 GMT - Info - Server is running on port: 3030
Sun, 29 Nov 2020 12:49:04 GMT - Info - Server is running on port: 3030
Sun, 29 Nov 2020 13:01:23 GMT - Info - Server is running on port: 3030
Sun, 29 Nov 2020 13:04:03 GMT - Info - Server is running on port: 3030
Sun, 29 Nov 2020 13:10:06 GMT - Info - Server is running on port: 3030
Sun, 29 Nov 2020 13:16:22 GMT - Info - Server is running on port: 3030
Sun, 29 Nov 2020 13:16:50 GMT - Info - Server is running on port: 3030
Sun, 29 Nov 2020 13:32:01 GMT - Info - Server is running on port: 3030
Sun, 29 Nov 2020 13:32:29 GMT - Info - Server is running on port: 3030
Sun, 29 Nov 2020 14:27:13 GMT - Info - Server is running on port: 3030
Sun, 29 Nov 2020 14:32:46 GMT - Info - Server is running on port: 3030
Sun, 29 Nov 2020 14:37:05 GMT - Info - Server is running on port: 3030
Sun, 29 Nov 2020 14:38:51 GMT - Info - Server is running on port: 3030
Sun, 29 Nov 2020 14:41:00 GMT - Info - Server is running on port: 3030
Sun, 29 Nov 2020 14:43:08 GMT - Info - Server is running on port: 3030
Sun, 29 Nov 2020 14:57:36 GMT - Info - Server is running on port: 3030
Sun, 29 Nov 2020 15:00:11 GMT - Info - Server is running on port: 3030
Sun, 29 Nov 2020 15:02:11 GMT - Info - Server is running on port: 3030
Sun, 29 Nov 2020 15:02:26 GMT - Info - Server is running on port: 3030
Sun, 29 Nov 2020 15:03:46 GMT - Info - Server is running on port: 3030
Sun, 29 Nov 2020 15:03:51 GMT - Info - Server is running on port: 3030
Sun, 29 Nov 2020 15:05:14 GMT - Info - Server is running on port: 3030
Sun, 29 Nov 2020 15:05:52 GMT - Info - Server is running on port: 3030
Sun, 29 Nov 2020 15:06:38 GMT - Info - Server is running on port: 3030
Sun, 29 Nov 2020 15:30:00 GMT - Info - Server is running on port: 3030
Sun, 29 Nov 2020 15:32:01 GMT - Info - Server is running on port: 3030
Sun, 29 Nov 2020 15:33:46 GMT - Info - Server is running on port: 3030
Sun, 29 Nov 2020 15:35:05 GMT - Info - Server is running on port: 3030
Sun, 29 Nov 2020 15:35:33 GMT - Info - Server is running on port: 3030
Sun, 29 Nov 2020 15:36:36 GMT - Info - Server is running on port: 3030
Sun, 29 Nov 2020 15:37:20 GMT - Info - Server is running on port: 3030
Sun, 29 Nov 2020 15:38:59 GMT - Info - Server is running on port: 3030
Sun, 29 Nov 2020 15:39:20 GMT - Info - Server is running on port: 3030
Sun, 29 Nov 2020 15:41:23 GMT - Info - Server is running on port: 3030
Sun, 29 Nov 2020 15:41:58 GMT - Info - Server is running on port: 3030
Sun, 29 Nov 2020 15:43:10 GMT - Info - Server is running on port: 3030
Sun, 29 Nov 2020 15:44:27 GMT - Info - Server is running on port: 3030
Sun, 29 Nov 2020 15:44:57 GMT - Info - Server is running on port: 3030
Sun, 29 Nov 2020 15:45:40 GMT - Info - Server is running on port: 3030
Sun, 29 Nov 2020 15:46:15 GMT - Info - Server is running on port: 3030
Sun, 29 Nov 2020 15:48:14 GMT - Info - Server is running on port: 3030
Sun, 29 Nov 2020 15:48:34 GMT - Info - Server is running on port: 3030
Sun, 29 Nov 2020 15:50:55 GMT - Info - Server is running on port: 3030
Sun, 29 Nov 2020 15:54:12 GMT - Info - Server is running on port: 3030
Sun, 29 Nov 2020 15:54:17 GMT - Info - Server is running on port: 3030
Sun, 29 Nov 2020 15:55:45 GMT - Info - Server is running on port: 3030
Sun, 29 Nov 2020 16:00:42 GMT - Info - Server is running on port: 3030
Sun, 29 Nov 2020 16:09:08 GMT - Info - Server is running on port: 3030
Sun, 29 Nov 2020 16:42:59 GMT - Info - Server is running on port: 3030
Sun, 29 Nov 2020 16:43:26 GMT - Info - Server is running on port: 3030
Sun, 29 Nov 2020 16:55:38 GMT - Info - Server is running on port: 3030
Sun, 29 Nov 2020 17:14:53 GMT - Info - Server is running on port: 3030
Sun, 29 Nov 2020 17:17:05 GMT - Info - Server is running on port: 3030
Sun, 29 Nov 2020 17:19:00 GMT - Info - Server is running on port: 3030
Sun, 29 Nov 2020 17:22:13 GMT - Info - Server is running on port: 3030
Sun, 29 Nov 2020 17:28:57 GMT - Info - Server is running on port: 3030
Sun, 29 Nov 2020 17:46:40 GMT - Info - Server is running on port: 3030
Sun, 29 Nov 2020 17:47:15 GMT - Info - Server is running on port: 3030
Sun, 29 Nov 2020 18:18:39 GMT - Info - Server is running on port: 3030
Sun, 29 Nov 2020 18:26:52 GMT - Info - Server is running on port: 3030
Sun, 29 Nov 2020 20:40:27 GMT - Info - Server is running on port: 3030
Mon, 30 Nov 2020 08:20:05 GMT - Info - Server is running on port: 3030
Mon, 30 Nov 2020 08:22:59 GMT - Info - Server is running on port: 3030
Mon, 30 Nov 2020 09:52:46 GMT - Info - Server is running on port: 3030
Sun, 29 Nov 2020 21:07:33 GMT - Info - Server is running on port: 3030
Sun, 29 Nov 2020 21:15:57 GMT - Info - Server is running on port: 3030
Sun, 29 Nov 2020 21:37:57 GMT - Info - Server is running on port: 3030
Sun, 29 Nov 2020 21:46:16 GMT - Info - Server is running on port: 3030
Sun, 29 Nov 2020 22:24:45 GMT - Info - Server is running on port: 3030
<<<<<<< HEAD
Sun, 29 Nov 2020 22:40:23 GMT - Info - Server is running on port: 3030
Sun, 29 Nov 2020 22:41:34 GMT - Info - Server is running on port: 3030
Mon, 30 Nov 2020 07:49:47 GMT - Info - Server is running on port: 3030
Mon, 30 Nov 2020 07:51:13 GMT - Info - Server is running on port: 3030
Mon, 30 Nov 2020 07:55:21 GMT - Info - Server is running on port: 3030
Mon, 30 Nov 2020 07:58:10 GMT - Info - Server is running on port: 3030
Mon, 30 Nov 2020 08:04:57 GMT - Info - Server is running on port: 3030
Mon, 30 Nov 2020 09:23:15 GMT - Info - Server is running on port: 3030
Mon, 30 Nov 2020 09:26:33 GMT - Info - Server is running on port: 3030
=======
Mon, 30 Nov 2020 09:07:50 GMT - Info - Server is running on port: 3030
Mon, 30 Nov 2020 11:09:43 GMT - Info - Server is running on port: 3030
Mon, 30 Nov 2020 11:29:25 GMT - Info - Server is running on port: 3030
Mon, 30 Nov 2020 11:38:52 GMT - Info - Server is running on port: 3030
<<<<<<< HEAD
Mon, 30 Nov 2020 15:25:00 GMT - Info - Server is running on port: 3030
Mon, 30 Nov 2020 15:59:42 GMT - Info - Server is running on port: 3030
Mon, 30 Nov 2020 16:02:32 GMT - Info - Server is running on port: 3030
Mon, 30 Nov 2020 16:03:34 GMT - Info - Server is running on port: 3030
Mon, 30 Nov 2020 16:04:41 GMT - Info - Server is running on port: 3030
Mon, 30 Nov 2020 18:19:26 GMT - Info - Server is running on port: 3030
Mon, 30 Nov 2020 18:21:12 GMT - Info - Server is running on port: 3030
Mon, 30 Nov 2020 18:34:02 GMT - Info - Server is running on port: 3030
Mon, 30 Nov 2020 18:36:43 GMT - Info - Server is running on port: 3030
Mon, 30 Nov 2020 18:37:00 GMT - Info - Server is running on port: 3030
Mon, 30 Nov 2020 18:37:06 GMT - Info - Server is running on port: 3030
Mon, 30 Nov 2020 18:42:03 GMT - Info - Server is running on port: 3030
Mon, 30 Nov 2020 18:42:43 GMT - Info - Server is running on port: 3030
Mon, 30 Nov 2020 18:42:52 GMT - Info - Server is running on port: 3030
Mon, 30 Nov 2020 18:43:02 GMT - Info - Server is running on port: 3030
Mon, 30 Nov 2020 18:43:25 GMT - Info - Server is running on port: 3030
Mon, 30 Nov 2020 18:43:39 GMT - Info - Server is running on port: 3030
Mon, 30 Nov 2020 19:20:24 GMT - Info - Server is running on port: 3030
Mon, 30 Nov 2020 19:22:59 GMT - Info - Server is running on port: 3030
=======
Mon, 30 Nov 2020 11:48:54 GMT - Info - Server is running on port: 3030
>>>>>>> 03e16924d9f7e1835979fe3658f5af291584c3bf
<<<<<<< HEAD
Mon, 30 Nov 2020 13:09:21 GMT - Info - Server is running on port: 3030
Mon, 30 Nov 2020 13:09:41 GMT - Info - Server is running on port: 3030
Mon, 30 Nov 2020 13:27:28 GMT - Info - Server is running on port: 3030
Mon, 30 Nov 2020 13:28:00 GMT - Info - Server is running on port: 3030
Mon, 30 Nov 2020 15:29:23 GMT - Info - Server is running on port: 3030
Mon, 30 Nov 2020 15:51:54 GMT - Info - Server is running on port: 3030
Mon, 30 Nov 2020 16:01:09 GMT - Info - Server is running on port: 3030
Mon, 30 Nov 2020 16:21:26 GMT - Info - Server is running on port: 3030
Mon, 30 Nov 2020 16:57:12 GMT - Info - Server is running on port: 3030
Mon, 30 Nov 2020 18:55:23 GMT - Info - Server is running on port: 3030
Mon, 30 Nov 2020 19:04:00 GMT - Info - Server is running on port: 3030
Mon, 30 Nov 2020 19:05:41 GMT - Info - Server is running on port: 3030
Mon, 30 Nov 2020 19:06:02 GMT - Info - Server is running on port: 3030
=======
Mon, 30 Nov 2020 19:39:51 GMT - Info - Server is running on port: 3030
>>>>>>> 5164d864ca0a6cb692120620b010a8019aeb6378
Mon, 30 Nov 2020 20:00:48 GMT - Info - Server is running on port: 3030
Mon, 30 Nov 2020 21:14:06 GMT - Info - Server is running on port: 3030
Tue, 01 Dec 2020 06:50:13 GMT - Info - Server is running on port: 3030
Tue, 01 Dec 2020 06:50:20 GMT - Info - Server is running on port: 3030
Tue, 01 Dec 2020 06:50:31 GMT - Info - Server is running on port: 3030
Tue, 01 Dec 2020 06:51:21 GMT - Info - Server is running on port: 3030
Tue, 01 Dec 2020 06:56:05 GMT - Info - Server is running on port: 3030
Tue, 01 Dec 2020 09:29:31 GMT - Info - Server is running on port: 3030
Tue, 01 Dec 2020 11:16:08 GMT - Info - Server is running on port: 3030
Tue, 01 Dec 2020 12:26:00 GMT - Info - Server is running on port: 3030
Tue, 01 Dec 2020 13:11:33 GMT - Info - Server is running on port: 3030
Tue, 01 Dec 2020 14:56:03 GMT - Info - Server is running on port: 3030
Tue, 01 Dec 2020 18:24:03 GMT - Info - Server is running on port: 3030
Tue, 01 Dec 2020 18:35:32 GMT - Info - Server is running on port: 3030
Tue, 01 Dec 2020 18:39:32 GMT - Info - Server is running on port: 3030
Tue, 01 Dec 2020 18:45:53 GMT - Info - Server is running on port: 3030
Tue, 01 Dec 2020 18:49:07 GMT - Info - Server is running on port: 3030
Tue, 01 Dec 2020 18:49:26 GMT - Info - Server is running on port: 3030
Tue, 01 Dec 2020 18:49:44 GMT - Info - Server is running on port: 3030
Tue, 01 Dec 2020 18:51:33 GMT - Info - Server is running on port: 3030
Tue, 01 Dec 2020 18:55:45 GMT - Info - Server is running on port: 3030
Tue, 01 Dec 2020 19:05:36 GMT - Info - Server is running on port: 3030
Tue, 01 Dec 2020 19:07:54 GMT - Info - Server is running on port: 3030
Tue, 01 Dec 2020 19:12:23 GMT - Info - Server is running on port: 3030
Tue, 01 Dec 2020 19:12:43 GMT - Info - Server is running on port: 3030
Tue, 01 Dec 2020 19:15:26 GMT - Info - Server is running on port: 3030
Tue, 01 Dec 2020 19:30:14 GMT - Info - Server is running on port: 3030
Tue, 01 Dec 2020 19:30:59 GMT - Info - Server is running on port: 3030
Tue, 01 Dec 2020 19:36:48 GMT - Info - Server is running on port: 3030
Tue, 01 Dec 2020 19:40:35 GMT - Info - Server is running on port: 3030
Tue, 01 Dec 2020 19:47:42 GMT - Info - Server is running on port: 3030
Tue, 01 Dec 2020 19:48:28 GMT - Info - Server is running on port: 3030
Tue, 01 Dec 2020 19:48:59 GMT - Info - Server is running on port: 3030
Tue, 01 Dec 2020 19:49:14 GMT - Info - Server is running on port: 3030
Tue, 01 Dec 2020 19:55:23 GMT - Info - Server is running on port: 3030
Tue, 01 Dec 2020 19:58:20 GMT - Info - Server is running on port: 3030
Tue, 01 Dec 2020 19:58:23 GMT - Info - Server is running on port: 3030
Tue, 01 Dec 2020 19:59:04 GMT - Info - Server is running on port: 3030
Tue, 01 Dec 2020 20:09:19 GMT - Info - Server is running on port: 3030
Tue, 01 Dec 2020 20:11:54 GMT - Info - Server is running on port: 3030
Tue, 01 Dec 2020 20:14:49 GMT - Info - Server is running on port: 3030
Tue, 01 Dec 2020 20:59:07 GMT - Info - Server is running on port: 3030
Tue, 01 Dec 2020 21:02:27 GMT - Info - Server is running on port: 3030
Tue, 01 Dec 2020 21:04:16 GMT - Info - Server is running on port: 3030
Tue, 01 Dec 2020 21:07:17 GMT - Info - Server is running on port: 3030
Tue, 01 Dec 2020 21:08:51 GMT - Info - Server is running on port: 3030
Tue, 01 Dec 2020 21:35:46 GMT - Info - Server is running on port: 3030
Tue, 01 Dec 2020 21:41:51 GMT - Info - Server is running on port: 3030
Tue, 01 Dec 2020 21:42:07 GMT - Info - Server is running on port: 3030
Tue, 01 Dec 2020 21:51:41 GMT - Info - Server is running on port: 3030
Tue, 01 Dec 2020 21:51:53 GMT - Info - Server is running on port: 3030
Tue, 01 Dec 2020 22:08:55 GMT - Info - Server is running on port: 3030
Tue, 01 Dec 2020 23:10:29 GMT - Info - Server is running on port: 3030
Wed, 02 Dec 2020 08:06:53 GMT - Info - Server is running on port: 3030
Wed, 02 Dec 2020 08:12:05 GMT - Info - Server is running on port: 3030
Wed, 02 Dec 2020 09:09:26 GMT - Info - Server is running on port: 3030
Wed, 02 Dec 2020 10:17:51 GMT - Info - Server is running on port: 3030
